<?xml version="1.0" encoding="UTF-8"?>
<testsuite xmlns:xsi="http://www.w3.org/2001/XMLSchema-instance" xsi:noNamespaceSchemaLocation="https://maven.apache.org/surefire/maven-surefire-plugin/xsd/surefire-test-report.xsd" name="com.vivo.dubbo.user.AppTest" time="0.04" tests="1" errors="0" skipped="0" failures="0">
  <properties>
    <property name="sun.desktop" value="windows"/>
    <property name="awt.toolkit" value="sun.awt.windows.WToolkit"/>
    <property name="file.encoding.pkg" value="sun.io"/>
    <property name="java.specification.version" value="1.8"/>
    <property name="sun.cpu.isalist" value="amd64"/>
    <property name="sun.jnu.encoding" value="GBK"/>
    <property name="java.class.path" value="C:\workspace\dubbo\2018\dubbo-server\server-provider\target\test-classes;C:\workspace\dubbo\2018\dubbo-server\server-provider\target\classes;D:\maven\repository\junit\junit\4.11\junit-4.11.jar;D:\maven\repository\org\hamcrest\hamcrest-core\1.3\hamcrest-core-1.3.jar;C:\workspace\dubbo\2018\dubbo-server\server-api\target\server-api-1.0-SNAPSHOT.jar;D:\maven\repository\com\alibaba\dubbo\2.5.4\dubbo-2.5.4.jar;D:\maven\repository\org\springframework\spring-context\4.3.10.RELEASE\spring-context-4.3.10.RELEASE.jar;D:\maven\repository\org\springframework\spring-aop\4.3.10.RELEASE\spring-aop-4.3.10.RELEASE.jar;D:\maven\repository\org\springframework\spring-core\4.3.10.RELEASE\spring-core-4.3.10.RELEASE.jar;D:\maven\repository\commons-logging\commons-logging\1.2\commons-logging-1.2.jar;D:\maven\repository\org\springframework\spring-expression\4.3.10.RELEASE\spring-expression-4.3.10.RELEASE.jar;D:\maven\repository\org\springframework\spring-beans\4.3.10.RELEASE\spring-beans-4.3.10.RELEASE.jar;D:\maven\repository\org\springframework\spring-web\4.3.10.RELEASE\spring-web-4.3.10.RELEASE.jar;D:\maven\repository\org\javassist\javassist\3.20.0-GA\javassist-3.20.0-GA.jar;D:\maven\repository\org\jboss\netty\netty\3.2.5.Final\netty-3.2.5.Final.jar;D:\maven\repository\org\apache\zookeeper\zookeeper\3.4.10\zookeeper-3.4.10.jar;D:\maven\repository\org\slf4j\slf4j-api\1.6.1\slf4j-api-1.6.1.jar;D:\maven\repository\org\slf4j\slf4j-log4j12\1.6.1\slf4j-log4j12-1.6.1.jar;D:\maven\repository\log4j\log4j\1.2.16\log4j-1.2.16.jar;D:\maven\repository\jline\jline\0.9.94\jline-0.9.94.jar;D:\maven\repository\io\netty\netty\3.10.5.Final\netty-3.10.5.Final.jar;D:\maven\repository\com\101tec\zkclient\0.10\zkclient-0.10.jar;D:\maven\repository\com\caucho\hessian\4.0.38\hessian-4.0.38.jar;D:\maven\repository\org\mortbay\jetty\jetty\6.1.26\jetty-6.1.26.jar;D:\maven\repository\org\mortbay\jetty\jetty-util\6.1.26\jetty-util-6.1.26.jar;D:\maven\repository\org\mortbay\jetty\servlet-api\2.5-20081211\servlet-api-2.5-20081211.jar;"/>
    <property name="java.vm.vendor" value="Oracle Corporation"/>
    <property name="sun.arch.data.model" value="64"/>
    <property name="user.variant" value=""/>
    <property name="java.vendor.url" value="http://java.oracle.com/"/>
    <property name="user.timezone" value=""/>
    <property name="java.vm.specification.version" value="1.8"/>
    <property name="os.name" value="Windows 10"/>
    <property name="user.country" value="CN"/>
    <property name="sun.java.launcher" value="SUN_STANDARD"/>
    <property name="sun.boot.library.path" value="C:\Program Files\Java\jdk1.8.0_161\jre\bin"/>
    <property name="sun.java.command" value="C:\Users\ADMINI~1\AppData\Local\Temp\surefire3580627425247845903\surefirebooter3103681624768339423.jar C:\Users\Administrator\AppData\Local\Temp\surefire3580627425247845903 2019-05-12T12-24-16_272-jvmRun1 surefire4798471646185531545tmp surefire_05647931064364001685tmp"/>
    <property name="surefire.test.class.path" value="C:\workspace\dubbo\2018\dubbo-server\server-provider\target\test-classes;C:\workspace\dubbo\2018\dubbo-server\server-provider\target\classes;D:\maven\repository\junit\junit\4.11\junit-4.11.jar;D:\maven\repository\org\hamcrest\hamcrest-core\1.3\hamcrest-core-1.3.jar;C:\workspace\dubbo\2018\dubbo-server\server-api\target\server-api-1.0-SNAPSHOT.jar;D:\maven\repository\com\alibaba\dubbo\2.5.4\dubbo-2.5.4.jar;D:\maven\repository\org\springframework\spring-context\4.3.10.RELEASE\spring-context-4.3.10.RELEASE.jar;D:\maven\repository\org\springframework\spring-aop\4.3.10.RELEASE\spring-aop-4.3.10.RELEASE.jar;D:\maven\repository\org\springframework\spring-core\4.3.10.RELEASE\spring-core-4.3.10.RELEASE.jar;D:\maven\repository\commons-logging\commons-logging\1.2\commons-logging-1.2.jar;D:\maven\repository\org\springframework\spring-expression\4.3.10.RELEASE\spring-expression-4.3.10.RELEASE.jar;D:\maven\repository\org\springframework\spring-beans\4.3.10.RELEASE\spring-beans-4.3.10.RELEASE.jar;D:\maven\repository\org\springframework\spring-web\4.3.10.RELEASE\spring-web-4.3.10.RELEASE.jar;D:\maven\repository\org\javassist\javassist\3.20.0-GA\javassist-3.20.0-GA.jar;D:\maven\repository\org\jboss\netty\netty\3.2.5.Final\netty-3.2.5.Final.jar;D:\maven\repository\org\apache\zookeeper\zookeeper\3.4.10\zookeeper-3.4.10.jar;D:\maven\repository\org\slf4j\slf4j-api\1.6.1\slf4j-api-1.6.1.jar;D:\maven\repository\org\slf4j\slf4j-log4j12\1.6.1\slf4j-log4j12-1.6.1.jar;D:\maven\repository\log4j\log4j\1.2.16\log4j-1.2.16.jar;D:\maven\repository\jline\jline\0.9.94\jline-0.9.94.jar;D:\maven\repository\io\netty\netty\3.10.5.Final\netty-3.10.5.Final.jar;D:\maven\repository\com\101tec\zkclient\0.10\zkclient-0.10.jar;D:\maven\repository\com\caucho\hessian\4.0.38\hessian-4.0.38.jar;D:\maven\repository\org\mortbay\jetty\jetty\6.1.26\jetty-6.1.26.jar;D:\maven\repository\org\mortbay\jetty\jetty-util\6.1.26\jetty-util-6.1.26.jar;D:\maven\repository\org\mortbay\jetty\servlet-api\2.5-20081211\servlet-api-2.5-20081211.jar;"/>
    <property name="sun.cpu.endian" value="little"/>
    <property name="user.home" value="C:\Users\Administrator"/>
    <property name="user.language" value="zh"/>
    <property name="java.specification.vendor" value="Oracle Corporation"/>
    <property name="java.home" value="C:\Program Files\Java\jdk1.8.0_161\jre"/>
    <property name="basedir" value="C:\workspace\dubbo\2018\dubbo-server\server-provider"/>
    <property name="file.separator" value="\"/>
    <property name="line.separator" value="&#10;"/>
    <property name="java.vm.specification.vendor" value="Oracle Corporation"/>
    <property name="java.specification.name" value="Java Platform API Specification"/>
    <property name="java.awt.graphicsenv" value="sun.awt.Win32GraphicsEnvironment"/>
    <property name="surefire.real.class.path" value="C:\Users\ADMINI~1\AppData\Local\Temp\surefire3580627425247845903\surefirebooter3103681624768339423.jar"/>
    <property name="sun.boot.class.path" value="C:\Program Files\Java\jdk1.8.0_161\jre\lib\resources.jar;C:\Program Files\Java\jdk1.8.0_161\jre\lib\rt.jar;C:\Program Files\Java\jdk1.8.0_161\jre\lib\sunrsasign.jar;C:\Program Files\Java\jdk1.8.0_161\jre\lib\jsse.jar;C:\Program Files\Java\jdk1.8.0_161\jre\lib\jce.jar;C:\Program Files\Java\jdk1.8.0_161\jre\lib\charsets.jar;C:\Program Files\Java\jdk1.8.0_161\jre\lib\jfr.jar;C:\Program Files\Java\jdk1.8.0_161\jre\classes"/>
    <property name="user.script" value=""/>
    <property name="sun.management.compiler" value="HotSpot 64-Bit Tiered Compilers"/>
    <property name="java.runtime.version" value="1.8.0_161-b12"/>
    <property name="user.name" value="Administrator"/>
    <property name="path.separator" value=";"/>
    <property name="os.version" value="10.0"/>
    <property name="java.endorsed.dirs" value="C:\Program Files\Java\jdk1.8.0_161\jre\lib\endorsed"/>
    <property name="java.runtime.name" value="Java(TM) SE Runtime Environment"/>
    <property name="file.encoding" value="GBK"/>
    <property name="java.vm.name" value="Java HotSpot(TM) 64-Bit Server VM"/>
    <property name="localRepository" value="D:\maven\repository"/>
    <property name="java.vendor.url.bug" value="http://bugreport.sun.com/bugreport/"/>
    <property name="java.io.tmpdir" value="C:\Users\ADMINI~1\AppData\Local\Temp\"/>
    <property name="idea.version" value="2017.1.4"/>
    <property name="java.version" value="1.8.0_161"/>
    <property name="user.dir" value="C:\workspace\dubbo\2018\dubbo-server\server-provider"/>
    <property name="os.arch" value="amd64"/>
    <property name="java.vm.specification.name" value="Java Virtual Machine Specification"/>
    <property name="java.awt.printerjob" value="sun.awt.windows.WPrinterJob"/>
    <property name="sun.os.patch.level" value=""/>
    <property name="java.library.path" value="C:\Program Files\Java\jdk1.8.0_161\jre\bin;C:\windows\Sun\Java\bin;C:\windows\system32;C:\windows;D:\app\Administrator\product\11.2.0\client_2\bin;D:\app\Administrator\product\11.2.0\client_1\bin;D:\app\Administrator\product\11.2.0\dbhome_2\bin;D:\MongoDB\mongodb3.6.1\bin;D:\elasticsearch\curl-7.59.0\bin\win64;C:\windows\system32\curl-7.59.0\bin\win64;C:\windows\system32\curl\win64;D:\gradle\gradle-3.3\bin;C:\Program Files\MySQL\MySQL Server 5.7\bin;D:\maven\apache-maven-3.5.2\bin;C:\Program Files\Java\jdk1.8.0_151\bin;C:\Program Files\Java\jdk1.8.0_151\jre\bin;C:\ProgramData\Oracle\Java\javapath;C:\windows\system32;C:\windows;C:\windows\System32\Wbem;C:\windows\System32\WindowsPowerShell\v1.0\;C:\Program Files\MySQL\MySQL Utilities 1.6\;C:\Users\Administrator\AppData\Local\Microsoft\WindowsApps;D:\nodejs\;D:\soft\Git\cmd;C:\Program Files (x86)\Microsoft SQL Server\100\Tools\Binn\;C:\Program Files\Microsoft SQL Server\100\Tools\Binn\;C:\Program Files\Microsoft SQL Server\100\DTS\Binn\;C:\Ruby25-x64\bin;C:\Users\Administrator\AppData\Local\Microsoft\WindowsApps;C:\Users\Administrator\AppData\Roaming\npm;C:\Users\Administrator\AppData\Local\GitHubDesktop\bin;D:\soft\Mercurial;."/>
    <property name="java.vm.info" value="mixed mode"/>
    <property name="java.vendor" value="Oracle Corporation"/>
    <property name="java.vm.version" value="25.161-b12"/>
    <property name="java.ext.dirs" value="C:\Program Files\Java\jdk1.8.0_161\jre\lib\ext;C:\windows\Sun\Java\lib\ext"/>
    <property name="sun.io.unicode.encoding" value="UnicodeLittle"/>
    <property name="maven.repo.local" value="D:\maven\repository"/>
    <property name="java.class.version" value="52.0"/>
  </properties>
  <testcase name="shouldAnswerWithTrue" classname="com.vivo.dubbo.user.AppTest" time="0.002"/>
</testsuite>